\BOOKMARK [1][-]{section.1}{Metadata}{}% 1
\BOOKMARK [2][-]{subsection.1.1}{Language Settings}{section.1}% 2
\BOOKMARK [1][-]{section.2}{Integraler och identiteter}{}% 3
\BOOKMARK [2][-]{subsection.2.1}{N\345gra integraler}{section.2}% 4
\BOOKMARK [3][-]{subsubsection.2.1.1}{Obest\344mda integraler}{subsection.2.1}% 5
\BOOKMARK [3][-]{subsubsection.2.1.2}{Best\344mda integraler}{subsection.2.1}% 6
\BOOKMARK [3][-]{subsubsection.2.1.3}{Stirlings formel}{subsection.2.1}% 7
\BOOKMARK [3][-]{subsubsection.2.1.4}{Felfunktionen}{subsection.2.1}% 8
\BOOKMARK [2][-]{subsection.2.2}{Potensserier}{section.2}% 9
\BOOKMARK [2][-]{subsection.2.3}{Trigonometiska funktioner}{section.2}% 10
\BOOKMARK [2][-]{subsection.2.4}{Hyperboliska funktioner}{section.2}% 11
\BOOKMARK [1][-]{section.3}{Vektoranalys}{}% 12
\BOOKMARK [2][-]{subsection.3.1}{Vektoranalys}{section.3}% 13
\BOOKMARK [3][-]{subsubsection.3.1.1}{Vektorprodukter}{subsection.3.1}% 14
\BOOKMARK [3][-]{subsubsection.3.1.2}{Gradient, divergens, rotation och Laplaceoperatorn}{subsection.3.1}% 15
\BOOKMARK [3][-]{subsubsection.3.1.3}{Gauss sats}{subsection.3.1}% 16
\BOOKMARK [3][-]{subsubsection.3.1.4}{Stokes sats}{subsection.3.1}% 17
\BOOKMARK [3][-]{subsubsection.3.1.5}{Greens sats}{subsection.3.1}% 18
\BOOKMARK [1][-]{section.4}{Elektromagnetisk f\344ltteori}{}% 19
\BOOKMARK [2][-]{subsection.4.1}{elstatik}{section.4}% 20
\BOOKMARK [3][-]{subsubsection.4.1.1}{Coulumbs law}{subsection.4.1}% 21
\BOOKMARK [3][-]{subsubsection.4.1.2}{Elektrisk f\344ltstyrka}{subsection.4.1}% 22
\BOOKMARK [3][-]{subsubsection.4.1.3}{Elektrisk potential}{subsection.4.1}% 23
\BOOKMARK [3][-]{subsubsection.4.1.4}{Elektrisk fl\366dest\344thet}{subsection.4.1}% 24
\BOOKMARK [3][-]{subsubsection.4.1.5}{Polarisationsladdning}{subsection.4.1}% 25
\BOOKMARK [3][-]{subsubsection.4.1.6}{Randvillkor}{subsection.4.1}% 26
\BOOKMARK [3][-]{subsubsection.4.1.7}{Elektrostatisk energi}{subsection.4.1}% 27
\BOOKMARK [3][-]{subsubsection.4.1.8}{Maxwells sp\344nning}{subsection.4.1}% 28
\BOOKMARK [3][-]{subsubsection.4.1.9}{Vridmoment p\345 elektrisk dipol}{subsection.4.1}% 29
\BOOKMARK [2][-]{subsection.4.2}{Likstr\366m}{section.4}% 30
\BOOKMARK [3][-]{subsubsection.4.2.1}{Str\366mt\344thet}{subsection.4.2}% 31
\BOOKMARK [3][-]{subsubsection.4.2.2}{Konservationsekvationen}{subsection.4.2}% 32
\BOOKMARK [3][-]{subsubsection.4.2.3}{Konduktivitet}{subsection.4.2}% 33
\BOOKMARK [3][-]{subsubsection.4.2.4}{Effekt}{subsection.4.2}% 34
\BOOKMARK [3][-]{subsubsection.4.2.5}{Randvillkor}{subsection.4.2}% 35
\BOOKMARK [3][-]{subsubsection.4.2.6}{Tidskonstant}{subsection.4.2}% 36
\BOOKMARK [3][-]{subsubsection.4.2.7}{Analogi elstatik-likstr\366m}{subsection.4.2}% 37
\BOOKMARK [2][-]{subsection.4.3}{N\345gra derivator}{section.4}% 38
\BOOKMARK [1][-]{section.5}{Fourieranalys}{}% 39
\BOOKMARK [2][-]{subsection.5.1}{Fourieranalys inledning}{section.5}% 40
\BOOKMARK [3][-]{subsubsection.5.1.1}{Fouriers integralsats}{subsection.5.1}% 41
\BOOKMARK [3][-]{subsubsection.5.1.2}{Periodiska randvilkor}{subsection.5.1}% 42
\BOOKMARK [3][-]{subsubsection.5.1.3}{Diracs deltafunktion}{subsection.5.1}% 43
\BOOKMARK [3][-]{subsubsection.5.1.4}{Kroneckers delta}{subsection.5.1}% 44
\BOOKMARK [1][-]{section.6}{Mekanik}{}% 45
\BOOKMARK [2][-]{subsection.6.1}{Mekanik}{section.6}% 46
\BOOKMARK [1][-]{section.7}{Kvantmekanik}{}% 47
\BOOKMARK [2][-]{subsection.7.1}{Kvantmekanik}{section.7}% 48
\BOOKMARK [3][-]{subsubsection.7.1.1}{Schr\366dinger ekvationen}{subsection.7.1}% 49
\BOOKMARK [2][-]{subsection.7.2}{Operatorer}{section.7}% 50
\BOOKMARK [3][-]{subsubsection.7.2.1}{Linj\344r operator}{subsection.7.2}% 51
\BOOKMARK [3][-]{subsubsection.7.2.2}{Egenv\344rde, egenfunktion}{subsection.7.2}% 52
\BOOKMARK [3][-]{subsubsection.7.2.3}{Hermitsk operator}{subsection.7.2}% 53
\BOOKMARK [3][-]{subsubsection.7.2.4}{Utveckling i egenfunktioner}{subsection.7.2}% 54
\BOOKMARK [3][-]{subsubsection.7.2.5}{Utvecklingspostulatet}{subsection.7.2}% 55
\BOOKMARK [3][-]{subsubsection.7.2.6}{R\366relsem\344ngdsoperatorer}{subsection.7.2}% 56
\BOOKMARK [3][-]{subsubsection.7.2.7}{Kommutatorer och r\366relsem\344ngdsoperatorer}{subsection.7.2}% 57
\BOOKMARK [2][-]{subsection.7.3}{Till\344mpningar}{section.7}% 58
\BOOKMARK [3][-]{subsubsection.7.3.1}{L\345gpotential med o\344ndligt stela v\344ggar i en dimension}{subsection.7.3}% 59
\BOOKMARK [3][-]{subsubsection.7.3.2}{Harmonisk oscillator 1D}{subsection.7.3}% 60
\BOOKMARK [3][-]{subsubsection.7.3.3}{Sf\344risk symmetrisk potential}{subsection.7.3}% 61
\BOOKMARK [3][-]{subsubsection.7.3.4}{V\344teliknande atom}{subsection.7.3}% 62
\BOOKMARK [2][-]{subsection.7.4}{St\366rningsr\344kning}{section.7}% 63
\BOOKMARK [3][-]{subsubsection.7.4.1}{"Golden Rule"}{subsection.7.4}% 64
\BOOKMARK [3][-]{subsubsection.7.4.2}{Spridning \(Born approximationen\)}{subsection.7.4}% 65
\BOOKMARK [3][-]{subsubsection.7.4.3}{Periodisk potential}{subsection.7.4}% 66
\BOOKMARK [1][-]{section.8}{Atomfysik}{}% 67
\BOOKMARK [2][-]{subsection.8.1}{Atomfysik}{section.8}% 68
\BOOKMARK [3][-]{subsubsection.8.1.1}{Rydberg}{subsection.8.1}% 69
\BOOKMARK [3][-]{subsubsection.8.1.2}{Alkalilika system}{subsection.8.1}% 70
\BOOKMARK [3][-]{subsubsection.8.1.3}{V\344telika atomer}{subsection.8.1}% 71
\BOOKMARK [3][-]{subsubsection.8.1.4}{Radialfunktioner f\366r v\344telika system}{subsection.8.1}% 72
\BOOKMARK [3][-]{subsubsection.8.1.5}{Klotytefunktioner}{subsection.8.1}% 73
\BOOKMARK [3][-]{subsubsection.8.1.6}{Hamiltonoperator f\366r flerelektronsystem}{subsection.8.1}% 74
\BOOKMARK [3][-]{subsubsection.8.1.7}{LS-koppling}{subsection.8.1}% 75
\BOOKMARK [3][-]{subsubsection.8.1.8}{Zeemaneffekt}{subsection.8.1}% 76
\BOOKMARK [3][-]{subsubsection.8.1.9}{Koppling mellan magnetiskt moment och r\366relsem\344ngdsmoment}{subsection.8.1}% 77
\BOOKMARK [3][-]{subsubsection.8.1.10}{Dopplerbredd}{subsection.8.1}% 78
\BOOKMARK [3][-]{subsubsection.8.1.11}{Mest sannolik hastighet}{subsection.8.1}% 79
\BOOKMARK [3][-]{subsubsection.8.1.12}{Dopplerskift}{subsection.8.1}% 80
\BOOKMARK [3][-]{subsubsection.8.1.13}{Naturlig bredd}{subsection.8.1}% 81
\BOOKMARK [3][-]{subsubsection.8.1.14}{< Missing Translation >}{subsection.8.1}% 82
\BOOKMARK [3][-]{subsubsection.8.1.15}{F\366r s-elektroner i v\344telika system g\344ller}{subsection.8.1}% 83
\BOOKMARK [3][-]{subsubsection.8.1.16}{Boltzmanf\366rdelningen}{subsection.8.1}% 84
\BOOKMARK [3][-]{subsubsection.8.1.17}{Integraler}{subsection.8.1}% 85
\BOOKMARK [3][-]{subsubsection.8.1.18}{Operatorer}{subsection.8.1}% 86
\BOOKMARK [3][-]{subsubsection.8.1.19}{Dirac notation}{subsection.8.1}% 87
\BOOKMARK [3][-]{subsubsection.8.1.20}{Kommutatorer}{subsection.8.1}% 88
\BOOKMARK [3][-]{subsubsection.8.1.21}{Shr\366dingerekvationen}{subsection.8.1}% 89
\BOOKMARK [1][-]{section.9}{V\345gl\344ra och optik}{}% 90
\BOOKMARK [2][-]{subsection.9.1}{Ljus}{section.9}% 91
\BOOKMARK [2][-]{subsection.9.2}{Materialegenskaper f\366r ljud och ljus}{section.9}% 92
\BOOKMARK [2][-]{subsection.9.3}{Geometrisk optik}{section.9}% 93
\BOOKMARK [2][-]{subsection.9.4}{Diffraktion och interferens}{section.9}% 94
\BOOKMARK [2][-]{subsection.9.5}{Fresneldiffraction}{section.9}% 95
\BOOKMARK [2][-]{subsection.9.6}{Polarisation}{section.9}% 96
\BOOKMARK [1][-]{section.10}{Termodynamik}{}% 97
\BOOKMARK [2][-]{subsection.10.1}{Termodynamik}{section.10}% 98
\BOOKMARK [2][-]{subsection.10.2}{Tabeller}{section.10}% 99
\BOOKMARK [1][-]{section.11}{Konstanter}{}% 100
\BOOKMARK [2][-]{subsection.11.1}{Konstanter}{section.11}% 101
\BOOKMARK [1][-]{section.12}{Prefix}{}% 102
\BOOKMARK [2][-]{subsection.12.1}{Prefix}{section.12}% 103
\BOOKMARK [3][-]{subsubsection.12.1.1}{SI-prefix}{subsection.12.1}% 104
